[4mRunning "watch" task[24m
Waiting...
[32m>> [39mFile "templates/content-review.php" changed.
[36mCompleted in 0.001s at Fri Sep 09 2016 05:46:25 GMT-0400 (EDT)[39m - Waiting...
[32m>> [39mFile "templates/content-review.php" changed.
[32m>> [39mFile "templates/content-review.php" changed.
[32m>> [39mFile "templates/content-review.php" changed.
[32m>> [39mFile "templates/content-review.php" changed.
[32m>> [39mFile "templates/content-review.php" changed.
[32m>> [39mFile "templates/content-review.php" changed.
[32m>> [39mFile "templates/content-review.php" changed.
[32m>> [39mFile "templates/content-review.php" changed.
[32m>> [39mFile "templates/content-review.php" changed.
[32m>> [39mFile "templates/content-review.php" changed.
[32m>> [39mFile "templates/content-review.php" changed.
[32m>> [39mFile "templates/content-review.php" changed.
[32m>> [39mFile "templates/content-review.php" changed.
[32m>> [39mFile "templates/content-review.php" changed.
[32m>> [39mFile "templates/content-review.php" changed.
[32m>> [39mFile "templates/content-review.php" changed.
[32m>> [39mFile "templates/content-review.php" changed.
[32m>> [39mFile "templates/content-review.php" changed.
[32m>> [39mFile "templates/content-review.php" changed.
[32m>> [39mFile "templates/content-review.php" changed.
[32m>> [39mFile "templates/content-review.php" changed.
[32m>> [39mFile "templates/content-review.php" changed.
[32m>> [39mFile "templates/content-review.php" changed.
[32m>> [39mFile "templates/content-review.php" changed.
[32m>> [39mFile "templates/content-review.php" changed.
[32m>> [39mFile "templates/content-review.php" changed.
[32m>> [39mFile "templates/content-review.php" changed.
[32m>> [39mFile "templates/content-review.php" changed.
[32m>> [39mFile "templates/content-review.php" changed.
[32m>> [39mFile "templates/content-review.php" changed.
[32m>> [39mFile "templates/content-review.php" changed.
[32m>> [39mFile "templates/content-review.php" changed.
[32m>> [39mFile "templates/content-review.php" changed.
[36mCompleted in 0.001s at Fri Sep 09 2016 08:23:51 GMT-0400 (EDT)[39m - Waiting...
[32m>> [39mFile "templates/content-review.php" changed.
[32m>> [39mFile "templates/content-review.php" changed.
[32m>> [39mFile "templates/content-review.php" changed.
[32m>> [39mFile "templates/content-review.php" changed.
[32m>> [39mFile "templates/content-review.php" changed.
[32m>> [39mFile "templates/content-review.php" changed.
[32m>> [39mFile "templates/content-review.php" changed.
[32m>> [39mFile "templates/content-review.php" changed.
[32m>> [39mFile "templates/content-review.php" changed.
[32m>> [39mFile "templates/content-review.php" changed.
[32m>> [39mFile "templates/content-review.php" changed.
[32m>> [39mFile "templates/content-review.php" changed.
[32m>> [39mFile "templates/content-review.php" changed.
[32m>> [39mFile "templates/content-review.php" changed.
[32m>> [39mFile "templates/content-review.php" changed.
[32m>> [39mFile "templates/content-review.php" changed.
[32m>> [39mFile "templates/content-review.php" changed.
[32m>> [39mFile "templates/content-review.php" changed.
[32m>> [39mFile "templates/content-review.php" changed.
[32m>> [39mFile "page-confirm.php" added.
[32m>> [39mFile "page-confirm.php" changed.
[32m>> [39mFile "templates/content-confirm.php" added.
[32m>> [39mFile "templates/content-confirm.php" changed.
[32m>> [39mFile "templates/content-confirm.php" changed.
[32m>> [39mFile "templates/content-confirm.php" changed.
[32m>> [39mFile "templates/content-review.php" changed.
[32m>> [39mFile "templates/content-review.php" changed.
[32m>> [39mFile "templates/content-review.php" changed.
[32m>> [39mFile "templates/content-review.php" changed.
[32m>> [39mFile "templates/content-review.php" changed.
[32m>> [39mFile "templates/content-review.php" changed.
[32m>> [39mFile "templates/content-review.php" changed.
[32m>> [39mFile "templates/content-review.php" changed.
[32m>> [39mFile "templates/content-review.php" changed.
[32m>> [39mFile "templates/content-review.php" changed.
[32m>> [39mFile "templates/content-confirm.php" changed.
[32m>> [39mFile "templates/content-confirm.php" changed.
[32m>> [39mFile "templates/content-confirm.php" changed.
[32m>> [39mFile "templates/content-confirm.php" changed.
[32m>> [39mFile "templates/content-confirm.php" changed.
[32m>> [39mFile "templates/content-confirm.php" changed.
[32m>> [39mFile "templates/content-confirm.php" changed.
[32m>> [39mFile "templates/content-confirm.php" changed.
